0 verbose cli /usr/local/bin/node /usr/local/lib/node_modules/npm/bin/npm-cli.js
1 info using npm@11.6.2
2 info using node@v24.13.0
3 silly config load:file:/usr/local/lib/node_modules/npm/npmrc
4 silly config load:file:/Users/alexandra/Desktop/anozero26/backend/.npmrc
5 silly config load:file:/Users/alexandra/.npmrc
6 silly config load:file:/usr/local/etc/npmrc
7 verbose title npm exec sanity@latest projects --help
8 verbose argv "exec" "--yes" "--" "sanity@latest" "projects" "--help"
9 verbose logfile logs-max:10 dir:/Users/alexandra/Desktop/anozero26/.npm-cache/_logs/2026-03-11T14_48_13_636Z-
10 verbose logfile /Users/alexandra/Desktop/anozero26/.npm-cache/_logs/2026-03-11T14_48_13_636Z-debug-0.log
11 silly logfile done cleaning log files
12 silly packumentCache heap:4496293888 maxSize:1124073472 maxEntrySize:562036736
13 verbose shrinkwrap failed to load node_modules/.package-lock.json out of date, updated: node_modules
14 http fetch GET 200 https://registry.npmjs.org/sanity 403ms (cache revalidated)
15 silly packumentCache heap:4496293888 maxSize:1124073472 maxEntrySize:562036736
16 silly packumentCache heap:4496293888 maxSize:1124073472 maxEntrySize:562036736
17 verbose cwd /Users/alexandra/Desktop/anozero26/backend
18 verbose os Darwin 25.0.0
19 verbose node v24.13.0
20 verbose npm  v11.6.2
21 verbose exit 0
22 info ok
